<?xml version="1.0" encoding="UTF-8"?>
<!-- Generated by org.testng.reporters.JUnitReportReporter -->
<testsuite hostname="DESKTOP-5S2679K" failures="0" tests="1" name="Mounika_Packages.mounika" time="0.022" errors="0" timestamp="2023-02-22T18:31:07 IST" skipped="0">
  <testcase classname="Mounika_Packages.mounika" name="Method1" time="0.022"/>
  <system-out/>
</testsuite> <!-- Mounika_Packages.mounika -->
